<?xml version="1.0" encoding="UTF-8"?>
<!-- Generated by org.testng.reporters.JUnitXMLReporter -->
<testsuite ignored="0" hostname="LAPTOP-MK7OB2GD" failures="1" tests="12" name="DemoShop24 Test Cases" time="279.737" errors="0" timestamp="2021-04-05T03:43:22 IST">
  <testcase classname="com.demoshop24.test.LoginTest" name="verifyInvalidCredentials" time="0.824"/>
  <testcase classname="com.demoshop24.test.SearchTest" name="verifyEmptyKeywordSearch" time="0.637"/>
  <testcase classname="com.demoshop24.test.LoginTest" name="verifyLoginPageTitle" time="0.009"/>
  <testcase classname="com.demoshop24.test.SearchTest" name="verifySearchCriteriaResult" time="0.812"/>
  <testcase classname="com.demoshop24.test.LoginTest" name="verifyLogoutFunctionality" time="1.824"/>
  <testcase classname="com.demoshop24.test.SearchTest" name="verifySearchResults" time="0.892"/>
  <testcase classname="com.demoshop24.test.LoginTest" name="verifyloginCredentials" time="1.128"/>
  <testcase classname="com.demoshop24.test.CartItemTest" name="verifyAddToCart" time="3.835"/>
  <testcase classname="com.demoshop24.test.CartItemTest" name="verifyCartTotalQuantity" time="218.511">
    <failure type="java.lang.AssertionError" message="expected [1 item(s) - $602.00] but found [0 item(s) - $0.00]">
      <![CDATA[java.lang.AssertionError: expected [1 item(s) - $602.00] but found [0 item(s) - $0.00]
at com.demoshop24.test.CartItemTest.verifyCartTotalQuantity(CartItemTest.java:33)
at java.base/java.util.concurrent.ThreadPoolExecutor.runWorker(ThreadPoolExecutor.java:1130)
at java.base/java.util.concurrent.ThreadPoolExecutor$Worker.run(ThreadPoolExecutor.java:630)
at java.base/java.lang.Thread.run(Thread.java:832)
... Removed 18 stack frames]]>
    </failure>
  </testcase> <!-- verifyCartTotalQuantity -->
  <testcase classname="com.demoshop24.test.CartItemTest" name="verifyProductSearchDetailsPage" time="2.537"/>
  <testcase classname="com.demoshop24.test.CartItemTest" name="verifyRemoveCart" time="4.262"/>
  <testcase classname="com.demoshop24.test.CartItemTest" name="verifyViewPageCartTitle" time="3.358"/>
</testsuite> <!-- DemoShop24 Test Cases -->
